<?xml version="1.0" encoding="UTF-8"?>
<testsuite xmlns:xsi="http://www.w3.org/2001/XMLSchema-instance" xsi:noNamespaceSchemaLocation="https://maven.apache.org/surefire/maven-surefire-plugin/xsd/surefire-test-report-3.0.xsd" version="3.0" name="com.fdmgroup.stepdefinitions.TestRunner" time="51.136" tests="16" errors="0" skipped="0" failures="0">
  <properties>
[...]
</properties>
  <testcase name="Launch the application" classname="Home Page Menus" time="5.39">
    <system-out><![CDATA[
&amp#27;[1mScenario:&amp#27;[22m Launch the application                                                                        &amp#27;[90m# file:///E:/Eclipse_Workspace/CIBC_WebsiteTestSuite/src/test/resources/features/F1_HomeMenus.feature:6&amp#27;[39m
  &amp#27;[32mâœ”&amp#27;[39m &amp#27;[32m&amp#27;[1mGiven &amp#27;[22mthe user has launched the application&amp#27;[39m                                                         &amp#27;[90m# com.fdmgroup.stepdefinitions.HomeMenuTest_StepDef.the_user_has_launched_the_application()&amp#27;[39m
  &amp#27;[32mâœ”&amp#27;[39m &amp#27;[32m&amp#27;[1mThen &amp#27;[22mthe user should be able to see the page title &amp#27;[1m"Personal Banking and Financial Services | CIBC"&amp#27;[22m&amp#27;[39m &amp#27;[90m# com.fdmgroup.stepdefinitions.HomeMenuTest_StepDef.the_user_should_see_the_page_title(java.lang.String)&amp#27;[39m
]]></system-out>
    <system-err><![CDATA[Nov. 04, 2025 12:26:55 P.M. org.openqa.selenium.devtools.CdpVersionFinder findNearestMatch
WARNING: Unable to find an exact match for CDP version 141, returning the closest version; found: 138; Please update to a Selenium version that supports CDP version 141
]]></system-err>
  </testcase>
  <testcase name="Verify the menu dropdown is displayed when hovered. #1" classname="Home Page Menus" time="0.348">
    <system-out><![CDATA[
&amp#27;[1mScenario Outline:&amp#27;[22m Verify the menu dropdown is displayed when hovered.                                    &amp#27;[90m# file:///E:/Eclipse_Workspace/CIBC_WebsiteTestSuite/src/test/resources/features/F1_HomeMenus.feature:17&amp#27;[39m
  &amp#27;[32mâœ”&amp#27;[39m &amp#27;[32m&amp#27;[1mGiven &amp#27;[22mthe user should be able to see the page title &amp#27;[1m"Personal Banking and Financial Services | CIBC"&amp#27;[22m&amp#27;[39m &amp#27;[90m# com.fdmgroup.stepdefinitions.HomeMenuTest_StepDef.the_user_should_see_the_page_title(java.lang.String)&amp#27;[39m
  &amp#27;[32mâœ”&amp#27;[39m &amp#27;[32m&amp#27;[1mWhen &amp#27;[22mthe user hovers over the &amp#27;[1m"Bank Accounts"&amp#27;[22m menu&amp#27;[39m                                                   &amp#27;[90m# com.fdmgroup.stepdefinitions.HomeMenuTest_StepDef.the_user_hovers_over_the_menu(java.lang.String)&amp#27;[39m
  &amp#27;[32mâœ”&amp#27;[39m &amp#27;[32m&amp#27;[1mThen &amp#27;[22mthe user should see the dropdown for &amp#27;[1m"Bank Accounts"&amp#27;[22m&amp#27;[39m                                            &amp#27;[90m# com.fdmgroup.stepdefinitions.HomeMenuTest_StepDef.the_user_should_see_the_dropdown(java.lang.String)&amp#27;[39m
]]></system-out>
  </testcase>
  <testcase name="Verify the menu dropdown is displayed when hovered. #2" classname="Home Page Menus" time="0.367">
    <system-out><![CDATA[
&amp#27;[1mScenario Outline:&amp#27;[22m Verify the menu dropdown is displayed when hovered.                                    &amp#27;[90m# file:///E:/Eclipse_Workspace/CIBC_WebsiteTestSuite/src/test/resources/features/F1_HomeMenus.feature:18&amp#27;[39m
  &amp#27;[32mâœ”&amp#27;[39m &amp#27;[32m&amp#27;[1mGiven &amp#27;[22mthe user should be able to see the page title &amp#27;[1m"Personal Banking and Financial Services | CIBC"&amp#27;[22m&amp#27;[39m &amp#27;[90m# com.fdmgroup.stepdefinitions.HomeMenuTest_StepDef.the_user_should_see_the_page_title(java.lang.String)&amp#27;[39m
  &amp#27;[32mâœ”&amp#27;[39m &amp#27;[32m&amp#27;[1mWhen &amp#27;[22mthe user hovers over the &amp#27;[1m"Credit Cards"&amp#27;[22m menu&amp#27;[39m                                                    &amp#27;[90m# com.fdmgroup.stepdefinitions.HomeMenuTest_StepDef.the_user_hovers_over_the_menu(java.lang.String)&amp#27;[39m
  &amp#27;[32mâœ”&amp#27;[39m &amp#27;[32m&amp#27;[1mThen &amp#27;[22mthe user should see the dropdown for &amp#27;[1m"Credit Cards"&amp#27;[22m&amp#27;[39m                                             &amp#27;[90m# com.fdmgroup.stepdefinitions.HomeMenuTest_StepDef.the_user_should_see_the_dropdown(java.lang.String)&amp#27;[39m
]]></system-out>
  </testcase>
  <testcase name="Verify the menu dropdown is displayed when hovered. #3" classname="Home Page Menus" time="0.219">
    <system-out><![CDATA[
&amp#27;[1mScenario Outline:&amp#27;[22m Verify the menu dropdown is displayed when hovered.                                    &amp#27;[90m# file:///E:/Eclipse_Workspace/CIBC_WebsiteTestSuite/src/test/resources/features/F1_HomeMenus.feature:19&amp#27;[39m
  &amp#27;[32mâœ”&amp#27;[39m &amp#27;[32m&amp#27;[1mGiven &amp#27;[22mthe user should be able to see the page title &amp#27;[1m"Personal Banking and Financial Services | CIBC"&amp#27;[22m&amp#27;[39m &amp#27;[90m# com.fdmgroup.stepdefinitions.HomeMenuTest_StepDef.the_user_should_see_the_page_title(java.lang.String)&amp#27;[39m
  &amp#27;[32mâœ”&amp#27;[39m &amp#27;[32m&amp#27;[1mWhen &amp#27;[22mthe user hovers over the &amp#27;[1m"Mortgages"&amp#27;[22m menu&amp#27;[39m                                                       &amp#27;[90m# com.fdmgroup.stepdefinitions.HomeMenuTest_StepDef.the_user_hovers_over_the_menu(java.lang.String)&amp#27;[39m
  &amp#27;[32mâœ”&amp#27;[39m &amp#27;[32m&amp#27;[1mThen &amp#27;[22mthe user should see the dropdown for &amp#27;[1m"Mortgages"&amp#27;[22m&amp#27;[39m                                                &amp#27;[90m# com.fdmgroup.stepdefinitions.HomeMenuTest_StepDef.the_user_should_see_the_dropdown(java.lang.String)&amp#27;[39m
]]></system-out>
  </testcase>
  <testcase name="Verify the menu dropdown is displayed when hovered. #4" classname="Home Page Menus" time="0.211">
    <system-out><![CDATA[
&amp#27;[1mScenario Outline:&amp#27;[22m Verify the menu dropdown is displayed when hovered.                                    &amp#27;[90m# file:///E:/Eclipse_Workspace/CIBC_WebsiteTestSuite/src/test/resources/features/F1_HomeMenus.feature:20&amp#27;[39m
  &amp#27;[32mâœ”&amp#27;[39m &amp#27;[32m&amp#27;[1mGiven &amp#27;[22mthe user should be able to see the page title &amp#27;[1m"Personal Banking and Financial Services | CIBC"&amp#27;[22m&amp#27;[39m &amp#27;[90m# com.fdmgroup.stepdefinitions.HomeMenuTest_StepDef.the_user_should_see_the_page_title(java.lang.String)&amp#27;[39m
  &amp#27;[32mâœ”&amp#27;[39m &amp#27;[32m&amp#27;[1mWhen &amp#27;[22mthe user hovers over the &amp#27;[1m"Lending"&amp#27;[22m menu&amp#27;[39m                                                         &amp#27;[90m# com.fdmgroup.stepdefinitions.HomeMenuTest_StepDef.the_user_hovers_over_the_menu(java.lang.String)&amp#27;[39m
  &amp#27;[32mâœ”&amp#27;[39m &amp#27;[32m&amp#27;[1mThen &amp#27;[22mthe user should see the dropdown for &amp#27;[1m"Lending"&amp#27;[22m&amp#27;[39m                                                  &amp#27;[90m# com.fdmgroup.stepdefinitions.HomeMenuTest_StepDef.the_user_should_see_the_dropdown(java.lang.String)&amp#27;[39m
]]></system-out>
  </testcase>
  <testcase name="Verify the menu dropdown is displayed when hovered. #5" classname="Home Page Menus" time="0.227">
    <system-out><![CDATA[
&amp#27;[1mScenario Outline:&amp#27;[22m Verify the menu dropdown is displayed when hovered.                                    &amp#27;[90m# file:///E:/Eclipse_Workspace/CIBC_WebsiteTestSuite/src/test/resources/features/F1_HomeMenus.feature:21&amp#27;[39m
  &amp#27;[32mâœ”&amp#27;[39m &amp#27;[32m&amp#27;[1mGiven &amp#27;[22mthe user should be able to see the page title &amp#27;[1m"Personal Banking and Financial Services | CIBC"&amp#27;[22m&amp#27;[39m &amp#27;[90m# com.fdmgroup.stepdefinitions.HomeMenuTest_StepDef.the_user_should_see_the_page_title(java.lang.String)&amp#27;[39m
  &amp#27;[32mâœ”&amp#27;[39m &amp#27;[32m&amp#27;[1mWhen &amp#27;[22mthe user hovers over the &amp#27;[1m"Investments"&amp#27;[22m menu&amp#27;[39m                                                     &amp#27;[90m# com.fdmgroup.stepdefinitions.HomeMenuTest_StepDef.the_user_hovers_over_the_menu(java.lang.String)&amp#27;[39m
  &amp#27;[32mâœ”&amp#27;[39m &amp#27;[32m&amp#27;[1mThen &amp#27;[22mthe user should see the dropdown for &amp#27;[1m"Investments"&amp#27;[22m&amp#27;[39m                                              &amp#27;[90m# com.fdmgroup.stepdefinitions.HomeMenuTest_StepDef.the_user_should_see_the_dropdown(java.lang.String)&amp#27;[39m
]]></system-out>
  </testcase>
  <testcase name="Verify the menu dropdown is displayed when hovered. #6" classname="Home Page Menus" time="0.249">
    <system-out><![CDATA[
&amp#27;[1mScenario Outline:&amp#27;[22m Verify the menu dropdown is displayed when hovered.                                    &amp#27;[90m# file:///E:/Eclipse_Workspace/CIBC_WebsiteTestSuite/src/test/resources/features/F1_HomeMenus.feature:22&amp#27;[39m
  &amp#27;[32mâœ”&amp#27;[39m &amp#27;[32m&amp#27;[1mGiven &amp#27;[22mthe user should be able to see the page title &amp#27;[1m"Personal Banking and Financial Services | CIBC"&amp#27;[22m&amp#27;[39m &amp#27;[90m# com.fdmgroup.stepdefinitions.HomeMenuTest_StepDef.the_user_should_see_the_page_title(java.lang.String)&amp#27;[39m
  &amp#27;[32mâœ”&amp#27;[39m &amp#27;[32m&amp#27;[1mWhen &amp#27;[22mthe user hovers over the &amp#27;[1m"Insurance"&amp#27;[22m menu&amp#27;[39m                                                       &amp#27;[90m# com.fdmgroup.stepdefinitions.HomeMenuTest_StepDef.the_user_hovers_over_the_menu(java.lang.String)&amp#27;[39m
  &amp#27;[32mâœ”&amp#27;[39m &amp#27;[32m&amp#27;[1mThen &amp#27;[22mthe user should see the dropdown for &amp#27;[1m"Insurance"&amp#27;[22m&amp#27;[39m                                                &amp#27;[90m# com.fdmgroup.stepdefinitions.HomeMenuTest_StepDef.the_user_should_see_the_dropdown(java.lang.String)&amp#27;[39m
]]></system-out>
  </testcase>
  <testcase name="Verify the menu dropdown is displayed when hovered. #7" classname="Home Page Menus" time="0.24">
    <system-out><![CDATA[
&amp#27;[1mScenario Outline:&amp#27;[22m Verify the menu dropdown is displayed when hovered.                                    &amp#27;[90m# file:///E:/Eclipse_Workspace/CIBC_WebsiteTestSuite/src/test/resources/features/F1_HomeMenus.feature:23&amp#27;[39m
  &amp#27;[32mâœ”&amp#27;[39m &amp#27;[32m&amp#27;[1mGiven &amp#27;[22mthe user should be able to see the page title &amp#27;[1m"Personal Banking and Financial Services | CIBC"&amp#27;[22m&amp#27;[39m &amp#27;[90m# com.fdmgroup.stepdefinitions.HomeMenuTest_StepDef.the_user_should_see_the_page_title(java.lang.String)&amp#27;[39m
  &amp#27;[32mâœ”&amp#27;[39m &amp#27;[32m&amp#27;[1mWhen &amp#27;[22mthe user hovers over the &amp#27;[1m"Ways to Bank"&amp#27;[22m menu&amp#27;[39m                                                    &amp#27;[90m# com.fdmgroup.stepdefinitions.HomeMenuTest_StepDef.the_user_hovers_over_the_menu(java.lang.String)&amp#27;[39m
  &amp#27;[32mâœ”&amp#27;[39m &amp#27;[32m&amp#27;[1mThen &amp#27;[22mthe user should see the dropdown for &amp#27;[1m"Ways to Bank"&amp#27;[22m&amp#27;[39m                                             &amp#27;[90m# com.fdmgroup.stepdefinitions.HomeMenuTest_StepDef.the_user_should_see_the_dropdown(java.lang.String)&amp#27;[39m
]]></system-out>
  </testcase>
  <testcase name="Verify the menu dropdown is displayed when hovered. #8" classname="Home Page Menus" time="0.213">
    <system-out><![CDATA[
&amp#27;[1mScenario Outline:&amp#27;[22m Verify the menu dropdown is displayed when hovered.                                    &amp#27;[90m# file:///E:/Eclipse_Workspace/CIBC_WebsiteTestSuite/src/test/resources/features/F1_HomeMenus.feature:24&amp#27;[39m
  &amp#27;[32mâœ”&amp#27;[39m &amp#27;[32m&amp#27;[1mGiven &amp#27;[22mthe user should be able to see the page title &amp#27;[1m"Personal Banking and Financial Services | CIBC"&amp#27;[22m&amp#27;[39m &amp#27;[90m# com.fdmgroup.stepdefinitions.HomeMenuTest_StepDef.the_user_should_see_the_page_title(java.lang.String)&amp#27;[39m
  &amp#27;[32mâœ”&amp#27;[39m &amp#27;[32m&amp#27;[1mWhen &amp#27;[22mthe user hovers over the &amp#27;[1m"Smart Advice"&amp#27;[22m menu&amp#27;[39m                                                    &amp#27;[90m# com.fdmgroup.stepdefinitions.HomeMenuTest_StepDef.the_user_hovers_over_the_menu(java.lang.String)&amp#27;[39m
  &amp#27;[32mâœ”&amp#27;[39m &amp#27;[32m&amp#27;[1mThen &amp#27;[22mthe user should see the dropdown for &amp#27;[1m"Smart Advice"&amp#27;[22m&amp#27;[39m                                             &amp#27;[90m# com.fdmgroup.stepdefinitions.HomeMenuTest_StepDef.the_user_should_see_the_dropdown(java.lang.String)&amp#27;[39m
]]></system-out>
  </testcase>
  <testcase name="Verify that the location feature is visible and opens correctly" classname="Location Finder functionality on the CIBC website" time="13.045">
    <system-out><![CDATA[
&amp#27;[1mScenario:&amp#27;[22m Verify that the location feature is visible and opens correctly                   &amp#27;[90m# file:///E:/Eclipse_Workspace/CIBC_WebsiteTestSuite/src/test/resources/features/F2_LocationSreach.feature:8&amp#27;[39m
No cookie banner appeared.
  &amp#27;[32mâœ”&amp#27;[39m &amp#27;[32m&amp#27;[1mGiven &amp#27;[22mthe user has launched the application&amp#27;[39m                                             &amp#27;[90m# com.fdmgroup.stepdefinitions.HomeMenuTest_StepDef.the_user_has_launched_the_application()&amp#27;[39m
  &amp#27;[32mâœ”&amp#27;[39m &amp#27;[32m&amp#27;[1mAnd &amp#27;[22mthe user should be able to see location icon on the homepage&amp#27;[39m                        &amp#27;[90m# com.fdmgroup.stepdefinitions.LocationSearch_StepDef.the_user_should_be_able_to_see_location_icon_on_the_homepage()&amp#27;[39m
  &amp#27;[32mâœ”&amp#27;[39m &amp#27;[32m&amp#27;[1mWhen &amp#27;[22mthe user clicks on the location icon&amp#27;[39m                                               &amp#27;[90m# com.fdmgroup.stepdefinitions.LocationSearch_StepDef.the_user_clicks_on_the_location_icon()&amp#27;[39m
  &amp#27;[32mâœ”&amp#27;[39m &amp#27;[32m&amp#27;[1mThen &amp#27;[22mthe user should be able to see the page title &amp#27;[1m"CIBC Branch and ATM Locator | CIBC"&amp#27;[22m&amp#27;[39m &amp#27;[90m# com.fdmgroup.stepdefinitions.HomeMenuTest_StepDef.the_user_should_see_the_page_title(java.lang.String)&amp#27;[39m
]]></system-out>
  </testcase>
  <testcase name="Verify search results for different cities #1" classname="Location Finder functionality on the CIBC website" time="1.549">
    <system-out><![CDATA[
&amp#27;[1mScenario Outline:&amp#27;[22m Verify search results for different cities                           &amp#27;[90m# file:///E:/Eclipse_Workspace/CIBC_WebsiteTestSuite/src/test/resources/features/F2_LocationSreach.feature:21&amp#27;[39m
  &amp#27;[32mâœ”&amp#27;[39m &amp#27;[32m&amp#27;[1mWhen &amp#27;[22mthe user enters &amp#27;[1m"Toronto"&amp#27;[22m in the location search box&amp#27;[39m                          &amp#27;[90m# com.fdmgroup.stepdefinitions.LocationSearch_StepDef.the_user_enters_in_the_location_search_box(java.lang.String)&amp#27;[39m
  &amp#27;[32mâœ”&amp#27;[39m &amp#27;[32m&amp#27;[1mAnd &amp#27;[22mthe user clicks the Search button&amp#27;[39m                                              &amp#27;[90m# com.fdmgroup.stepdefinitions.LocationSearch_StepDef.the_user_clicks_the_search_button()&amp#27;[39m
  &amp#27;[32mâœ”&amp#27;[39m &amp#27;[32m&amp#27;[1mThen &amp#27;[22mA list of nearby branches or ATMs should be displayed for city name &amp#27;[1m"Toronto"&amp#27;[22m&amp#27;[39m &amp#27;[90m# com.fdmgroup.stepdefinitions.LocationSearch_StepDef.a_list_of_nearby_branches_or_at_ms_should_be_displayed(java.lang.String)&amp#27;[39m
]]></system-out>
  </testcase>
  <testcase name="Verify search results for different cities #2" classname="Location Finder functionality on the CIBC website" time="1.878">
    <system-out><![CDATA[
&amp#27;[1mScenario Outline:&amp#27;[22m Verify search results for different cities                             &amp#27;[90m# file:///E:/Eclipse_Workspace/CIBC_WebsiteTestSuite/src/test/resources/features/F2_LocationSreach.feature:22&amp#27;[39m
  &amp#27;[32mâœ”&amp#27;[39m &amp#27;[32m&amp#27;[1mWhen &amp#27;[22mthe user enters &amp#27;[1m"Vancouver"&amp#27;[22m in the location search box&amp#27;[39m                          &amp#27;[90m# com.fdmgroup.stepdefinitions.LocationSearch_StepDef.the_user_enters_in_the_location_search_box(java.lang.String)&amp#27;[39m
  &amp#27;[32mâœ”&amp#27;[39m &amp#27;[32m&amp#27;[1mAnd &amp#27;[22mthe user clicks the Search button&amp#27;[39m                                                &amp#27;[90m# com.fdmgroup.stepdefinitions.LocationSearch_StepDef.the_user_clicks_the_search_button()&amp#27;[39m
  &amp#27;[32mâœ”&amp#27;[39m &amp#27;[32m&amp#27;[1mThen &amp#27;[22mA list of nearby branches or ATMs should be displayed for city name &amp#27;[1m"Vancouver"&amp#27;[22m&amp#27;[39m &amp#27;[90m# com.fdmgroup.stepdefinitions.LocationSearch_StepDef.a_list_of_nearby_branches_or_at_ms_should_be_displayed(java.lang.String)&amp#27;[39m
]]></system-out>
  </testcase>
  <testcase name="Verify search results for different cities #3" classname="Location Finder functionality on the CIBC website" time="1.912">
    <system-out><![CDATA[
&amp#27;[1mScenario Outline:&amp#27;[22m Verify search results for different cities                            &amp#27;[90m# file:///E:/Eclipse_Workspace/CIBC_WebsiteTestSuite/src/test/resources/features/F2_LocationSreach.feature:23&amp#27;[39m
  &amp#27;[32mâœ”&amp#27;[39m &amp#27;[32m&amp#27;[1mWhen &amp#27;[22mthe user enters &amp#27;[1m"Montreal"&amp#27;[22m in the location search box&amp#27;[39m                          &amp#27;[90m# com.fdmgroup.stepdefinitions.LocationSearch_StepDef.the_user_enters_in_the_location_search_box(java.lang.String)&amp#27;[39m
  &amp#27;[32mâœ”&amp#27;[39m &amp#27;[32m&amp#27;[1mAnd &amp#27;[22mthe user clicks the Search button&amp#27;[39m                                               &amp#27;[90m# com.fdmgroup.stepdefinitions.LocationSearch_StepDef.the_user_clicks_the_search_button()&amp#27;[39m
  &amp#27;[32mâœ”&amp#27;[39m &amp#27;[32m&amp#27;[1mThen &amp#27;[22mA list of nearby branches or ATMs should be displayed for city name &amp#27;[1m"Montreal"&amp#27;[22m&amp#27;[39m &amp#27;[90m# com.fdmgroup.stepdefinitions.LocationSearch_StepDef.a_list_of_nearby_branches_or_at_ms_should_be_displayed(java.lang.String)&amp#27;[39m
]]></system-out>
  </testcase>
  <testcase name="Navigate to Mortgage Calculators" classname="Mortgage Payment Calculator" time="14.772">
    <system-out><![CDATA[
&amp#27;[1mScenario:&amp#27;[22m Navigate to Mortgage Calculators                                                  &amp#27;[90m# file:///E:/Eclipse_Workspace/CIBC_WebsiteTestSuite/src/test/resources/features/F3_MortageCalculator.feature:8&amp#27;[39m
No cookie banner appeared.
  &amp#27;[32mâœ”&amp#27;[39m &amp#27;[32m&amp#27;[1mGiven &amp#27;[22mthe user has launched the application&amp#27;[39m                                             &amp#27;[90m# com.fdmgroup.stepdefinitions.HomeMenuTest_StepDef.the_user_has_launched_the_application()&amp#27;[39m
  &amp#27;[32mâœ”&amp#27;[39m &amp#27;[32m&amp#27;[1mAnd &amp#27;[22mthe user can view the &amp#27;[1m"Mortgages"&amp#27;[22m menu&amp#27;[39m                                              &amp#27;[90m# com.fdmgroup.stepdefinitions.HomeMenuTest_StepDef.the_user_can_view_the_menu(java.lang.String)&amp#27;[39m
  &amp#27;[32mâœ”&amp#27;[39m &amp#27;[32m&amp#27;[1mWhen &amp#27;[22mthe user hovers over the &amp#27;[1m"Mortgages"&amp#27;[22m menu&amp#27;[39m                                          &amp#27;[90m# com.fdmgroup.stepdefinitions.HomeMenuTest_StepDef.the_user_hovers_over_the_menu(java.lang.String)&amp#27;[39m
  &amp#27;[32mâœ”&amp#27;[39m &amp#27;[32m&amp#27;[1mAnd &amp#27;[22mthe user clicks on &amp#27;[1m"Mortgage Payment Calculator"&amp#27;[22m option&amp#27;[39m                             &amp#27;[90m# com.fdmgroup.stepdefinitions.HomeMenuTest_StepDef.the_user_clicks_on_option(java.lang.String)&amp#27;[39m
  &amp#27;[32mâœ”&amp#27;[39m &amp#27;[32m&amp#27;[1mThen &amp#27;[22mthe user should be able to see the page title &amp#27;[1m"Mortgage Payment Calculator | CIBC"&amp#27;[22m&amp#27;[39m &amp#27;[90m# com.fdmgroup.stepdefinitions.HomeMenuTest_StepDef.the_user_should_see_the_page_title(java.lang.String)&amp#27;[39m
]]></system-out>
  </testcase>
  <testcase name="View the Mortgage Payment Calculator form" classname="Mortgage Payment Calculator" time="2.949">
    <system-out><![CDATA[
&amp#27;[1mScenario:&amp#27;[22m View the Mortgage Payment Calculator form                          &amp#27;[90m# file:///E:/Eclipse_Workspace/CIBC_WebsiteTestSuite/src/test/resources/features/F3_MortageCalculator.feature:15&amp#27;[39m
  &amp#27;[32mâœ”&amp#27;[39m &amp#27;[32m&amp#27;[1mWhen &amp#27;[22mthe user scrolls to and clicks the buy a home button&amp#27;[39m                &amp#27;[90m# com.fdmgroup.stepdefinitions.MortageCalculatorTest_StepDef.the_user_scrolls_to_and_clicks_the_button()&amp#27;[39m
  &amp#27;[32mâœ”&amp#27;[39m &amp#27;[32m&amp#27;[1mAnd &amp#27;[22mthe user clicks on the Skip to calculator link&amp#27;[39m                       &amp#27;[90m# com.fdmgroup.stepdefinitions.MortageCalculatorTest_StepDef.the_user_clicks_on_the_link()&amp#27;[39m
  &amp#27;[32mâœ”&amp#27;[39m &amp#27;[32m&amp#27;[1mThen &amp#27;[22mthe user should be able to see the Mortgage Payment Calculator form&amp#27;[39m &amp#27;[90m# com.fdmgroup.stepdefinitions.MortageCalculatorTest_StepDef.the_user_should_see_the_mortgage_payment_calculator_form()&amp#27;[39m
]]></system-out>
  </testcase>
  <testcase name="Calculate the mortgage payment with different inputs" classname="Mortgage Payment Calculator" time="3.932">
    <system-out><![CDATA[
&amp#27;[1mScenario Outline:&amp#27;[22m Calculate the mortgage payment with different inputs      &amp#27;[90m# file:///E:/Eclipse_Workspace/CIBC_WebsiteTestSuite/src/test/resources/features/F3_MortageCalculator.feature:31&amp#27;[39m
  &amp#27;[32mâœ”&amp#27;[39m &amp#27;[32m&amp#27;[1mWhen &amp#27;[22mthe user enters a purchase price of &amp#27;[1m750&amp#27;[22m&amp#27;[39m                            &amp#27;[90m# com.fdmgroup.stepdefinitions.MortageCalculatorTest_StepDef.the_user_enters_a_purchase_price_of(int)&amp#27;[39m
[[ChromeDriver: chrome on windows (7954022aebfd9738342da248abba679b)] -> id: downPayment-full-input] not reachable
  &amp#27;[32mâœ”&amp#27;[39m &amp#27;[32m&amp#27;[1mAnd &amp#27;[22mthe user enters a down payment of &amp#27;[1m25&amp#27;[22m&amp#27;[39m                                &amp#27;[90m# com.fdmgroup.stepdefinitions.MortageCalculatorTest_StepDef.the_user_enters_a_down_payment_of(int)&amp#27;[39m
  &amp#27;[32mâœ”&amp#27;[39m &amp#27;[32m&amp#27;[1mAnd &amp#27;[22mthe user enters an interest rate of &amp#27;[1m3.8&amp#27;[22m&amp#27;[39m                             &amp#27;[90m# com.fdmgroup.stepdefinitions.MortageCalculatorTest_StepDef.the_user_enters_an_interest_rate_of(double)&amp#27;[39m
  &amp#27;[32mâœ”&amp#27;[39m &amp#27;[32m&amp#27;[1mAnd &amp#27;[22mthe user selects &amp#27;[1m"7 year fixed closed"&amp#27;[22m as the term&amp#27;[39m                  &amp#27;[90m# com.fdmgroup.stepdefinitions.MortageCalculatorTest_StepDef.the_user_selects_as_the_term(java.lang.String)&amp#27;[39m
  &amp#27;[32mâœ”&amp#27;[39m &amp#27;[32m&amp#27;[1mAnd &amp#27;[22mthe user selects &amp#27;[1m"Accelerated Biweekly"&amp#27;[22m as the payment frequency&amp#27;[39m    &amp#27;[90m# com.fdmgroup.stepdefinitions.MortageCalculatorTest_StepDef.the_user_selects_as_the_payment_frequency(java.lang.String)&amp#27;[39m
  &amp#27;[32mâœ”&amp#27;[39m &amp#27;[32m&amp#27;[1mAnd &amp#27;[22mthe user clicks the Calculate button&amp#27;[39m                                &amp#27;[90m# com.fdmgroup.stepdefinitions.MortageCalculatorTest_StepDef.the_user_clicks_the_button()&amp#27;[39m
  &amp#27;[32mâœ”&amp#27;[39m &amp#27;[32m&amp#27;[1mThen &amp#27;[22mthe user should be able to scroll down and see the results section&amp#27;[39m &amp#27;[90m# com.fdmgroup.stepdefinitions.MortageCalculatorTest_StepDef.the_user_should_be_able_to_scroll_down_and_see_the_results_section()&amp#27;[39m
]]></system-out>
  </testcase>
</testsuite>